[debug] [2024-10-24T11:38:31.989Z] ----------------------------------------------------------------------
[debug] [2024-10-24T11:38:31.993Z] Command:       C:\Program Files\nodejs\node.exe C:\Users\elyes\AppData\Roaming\npm\node_modules\firebase-tools\lib\bin\firebase.js init
[debug] [2024-10-24T11:38:31.993Z] CLI Version:   13.23.0
[debug] [2024-10-24T11:38:31.993Z] Platform:      win32
[debug] [2024-10-24T11:38:31.993Z] Node Version:  v22.2.0
[debug] [2024-10-24T11:38:31.994Z] Time:          Thu Oct 24 2024 12:38:31 GMT+0100 (heure normale d’Afrique de l’Ouest)
[debug] [2024-10-24T11:38:31.994Z] ----------------------------------------------------------------------
[debug] 
[debug] [2024-10-24T11:38:32.005Z] > command requires scopes: ["email","openid","https://www.googleapis.com/auth/cloudplatformprojects.readonly","https://www.googleapis.com/auth/firebase","https://www.googleapis.com/auth/cloud-platform"]
[debug] [2024-10-24T11:38:32.006Z] > authorizing via signed-in user (elyesnnh0@gmail.com)
[info] 
     ######## #### ########  ######## ########     ###     ######  ########
     ##        ##  ##     ## ##       ##     ##  ##   ##  ##       ##
     ######    ##  ########  ######   ########  #########  ######  ######
     ##        ##  ##    ##  ##       ##     ## ##     ##       ## ##
     ##       #### ##     ## ######## ########  ##     ##  ######  ########

You're about to initialize a Firebase project in this directory:

  C:\Users\elyes\OneDrive\Bureau\libraryStore

[info] 
=== Project Setup
[info] 
[info] First, let's associate this project directory with a Firebase project.
[info] You can create multiple project aliases by running firebase use --add, 
[info] but for now we'll just set up a default project.
[info] 
[debug] [2024-10-24T11:39:24.047Z] Checked if tokens are valid: true, expires at: 1729773416401
[debug] [2024-10-24T11:39:24.047Z] Checked if tokens are valid: true, expires at: 1729773416401
[debug] [2024-10-24T11:39:24.049Z] >>> [apiv2][query] GET https://firebase.googleapis.com/v1beta1/projects pageSize=100
[debug] [2024-10-24T11:39:24.824Z] <<< [apiv2][status] GET https://firebase.googleapis.com/v1beta1/projects 200
[debug] [2024-10-24T11:39:24.824Z] <<< [apiv2][body] GET https://firebase.googleapis.com/v1beta1/projects [omitted]
[info] i  Using project zonelivres (ZoneLivres) 
[info] 
=== Functions Setup
[debug] [2024-10-24T11:39:29.738Z] > command requires scopes: ["email","openid","https://www.googleapis.com/auth/cloudplatformprojects.readonly","https://www.googleapis.com/auth/firebase","https://www.googleapis.com/auth/cloud-platform"]
[debug] [2024-10-24T11:39:29.739Z] > authorizing via signed-in user (elyesnnh0@gmail.com)
[debug] [2024-10-24T11:39:29.739Z] [iam] checking project zonelivres for permissions ["firebase.projects.get"]
[debug] [2024-10-24T11:39:29.739Z] Checked if tokens are valid: true, expires at: 1729773416401
[debug] [2024-10-24T11:39:29.739Z] Checked if tokens are valid: true, expires at: 1729773416401
[debug] [2024-10-24T11:39:29.740Z] >>> [apiv2][query] POST https://cloudresourcemanager.googleapis.com/v1/projects/zonelivres:testIamPermissions [none]
[debug] [2024-10-24T11:39:29.740Z] >>> [apiv2][(partial)header] POST https://cloudresourcemanager.googleapis.com/v1/projects/zonelivres:testIamPermissions x-goog-quota-user=projects/zonelivres
[debug] [2024-10-24T11:39:29.740Z] >>> [apiv2][body] POST https://cloudresourcemanager.googleapis.com/v1/projects/zonelivres:testIamPermissions {"permissions":["firebase.projects.get"]}
[debug] [2024-10-24T11:39:30.756Z] <<< [apiv2][status] POST https://cloudresourcemanager.googleapis.com/v1/projects/zonelivres:testIamPermissions 200
[debug] [2024-10-24T11:39:30.757Z] <<< [apiv2][body] POST https://cloudresourcemanager.googleapis.com/v1/projects/zonelivres:testIamPermissions {"permissions":["firebase.projects.get"]}
[debug] [2024-10-24T11:39:30.757Z] Checked if tokens are valid: true, expires at: 1729773416401
[debug] [2024-10-24T11:39:30.758Z] Checked if tokens are valid: true, expires at: 1729773416401
[debug] [2024-10-24T11:39:30.758Z] Checked if tokens are valid: true, expires at: 1729773416401
[debug] [2024-10-24T11:39:30.758Z] Checked if tokens are valid: true, expires at: 1729773416401
[debug] [2024-10-24T11:39:30.758Z] >>> [apiv2][query] GET https://serviceusage.googleapis.com/v1/projects/zonelivres/services/cloudfunctions.googleapis.com [none]
[debug] [2024-10-24T11:39:30.758Z] >>> [apiv2][(partial)header] GET https://serviceusage.googleapis.com/v1/projects/zonelivres/services/cloudfunctions.googleapis.com x-goog-quota-user=projects/zonelivres
[debug] [2024-10-24T11:39:30.760Z] >>> [apiv2][query] GET https://serviceusage.googleapis.com/v1/projects/zonelivres/services/runtimeconfig.googleapis.com [none]
[debug] [2024-10-24T11:39:30.760Z] >>> [apiv2][(partial)header] GET https://serviceusage.googleapis.com/v1/projects/zonelivres/services/runtimeconfig.googleapis.com x-goog-quota-user=projects/zonelivres
[debug] [2024-10-24T11:39:31.988Z] <<< [apiv2][status] GET https://serviceusage.googleapis.com/v1/projects/zonelivres/services/runtimeconfig.googleapis.com 200
[debug] [2024-10-24T11:39:31.988Z] <<< [apiv2][body] GET https://serviceusage.googleapis.com/v1/projects/zonelivres/services/runtimeconfig.googleapis.com [omitted]
[debug] [2024-10-24T11:39:31.989Z] <<< [apiv2][status] GET https://serviceusage.googleapis.com/v1/projects/zonelivres/services/cloudfunctions.googleapis.com 200
[debug] [2024-10-24T11:39:31.989Z] <<< [apiv2][body] GET https://serviceusage.googleapis.com/v1/projects/zonelivres/services/cloudfunctions.googleapis.com [omitted]
[debug] [2024-10-24T11:39:31.989Z] Checked if tokens are valid: true, expires at: 1729773416401
[debug] [2024-10-24T11:39:31.989Z] Checked if tokens are valid: true, expires at: 1729773416401
[debug] [2024-10-24T11:39:31.989Z] >>> [apiv2][query] POST https://serviceusage.googleapis.com/v1/projects/zonelivres/services/cloudfunctions.googleapis.com:enable [none]
[debug] [2024-10-24T11:39:31.989Z] >>> [apiv2][(partial)header] POST https://serviceusage.googleapis.com/v1/projects/zonelivres/services/cloudfunctions.googleapis.com:enable x-goog-quota-user=projects/zonelivres
[debug] [2024-10-24T11:39:32.699Z] <<< [apiv2][status] POST https://serviceusage.googleapis.com/v1/projects/zonelivres/services/cloudfunctions.googleapis.com:enable 200
[debug] [2024-10-24T11:39:32.700Z] <<< [apiv2][body] POST https://serviceusage.googleapis.com/v1/projects/zonelivres/services/cloudfunctions.googleapis.com:enable [omitted]
[debug] [2024-10-24T11:39:42.703Z] Checked if tokens are valid: true, expires at: 1729773416401
[debug] [2024-10-24T11:39:42.703Z] Checked if tokens are valid: true, expires at: 1729773416401
[debug] [2024-10-24T11:39:42.703Z] >>> [apiv2][query] GET https://serviceusage.googleapis.com/v1/projects/zonelivres/services/cloudfunctions.googleapis.com [none]
[debug] [2024-10-24T11:39:42.704Z] >>> [apiv2][(partial)header] GET https://serviceusage.googleapis.com/v1/projects/zonelivres/services/cloudfunctions.googleapis.com x-goog-quota-user=projects/zonelivres
[debug] [2024-10-24T11:39:43.865Z] <<< [apiv2][status] GET https://serviceusage.googleapis.com/v1/projects/zonelivres/services/cloudfunctions.googleapis.com 200
[debug] [2024-10-24T11:39:43.865Z] <<< [apiv2][body] GET https://serviceusage.googleapis.com/v1/projects/zonelivres/services/cloudfunctions.googleapis.com [omitted]
[info] Let's create a new codebase for your functions.
[info] A directory corresponding to the codebase will be created in your project
[info] with sample code pre-configured.

[info] See https://firebase.google.com/docs/functions/organize-functions for
[info] more information on organizing your functions using codebases.

[info] Functions can be deployed with firebase deploy.

[info] +  Wrote functions/package.json 
[info] +  Wrote functions/.eslintrc.js 
[info] +  Wrote functions/index.js 
[info] +  Wrote functions/.gitignore 
[info] 
=== Hosting Setup
[debug] [2024-10-24T11:41:33.722Z] Checked if tokens are valid: true, expires at: 1729773416401
[debug] [2024-10-24T11:41:33.723Z] Checked if tokens are valid: true, expires at: 1729773416401
[debug] [2024-10-24T11:41:33.723Z] >>> [apiv2][query] GET https://firebase.googleapis.com/v1beta1/projects/zonelivres [none]
[debug] [2024-10-24T11:41:34.161Z] <<< [apiv2][status] GET https://firebase.googleapis.com/v1beta1/projects/zonelivres 200
[debug] [2024-10-24T11:41:34.161Z] <<< [apiv2][body] GET https://firebase.googleapis.com/v1beta1/projects/zonelivres {"projectId":"zonelivres","projectNumber":"474479430295","displayName":"ZoneLivres","name":"projects/zonelivres","resources":{"hostingSite":"zonelivres"},"state":"ACTIVE","etag":"1_6022190e-079d-4c8b-ad47-7e253caa5005"}
[info] 
[info] Your public directory is the folder (relative to your project directory) that
[info] will contain Hosting assets to be uploaded with firebase deploy. If you
[info] have a build process for your assets, use your build's output directory.
[info] 
[debug] [2024-10-24T11:44:43.766Z] >>> [apiv2][query] GET https://www.gstatic.com/firebasejs/releases.json [none]
[debug] [2024-10-24T11:44:44.113Z] <<< [apiv2][status] GET https://www.gstatic.com/firebasejs/releases.json 200
[debug] [2024-10-24T11:44:44.113Z] <<< [apiv2][body] GET https://www.gstatic.com/firebasejs/releases.json {"current":{"version":"11.0.1","browserURL":"https://www.gstatic.com/firebasejs/11.0.1/firebase.js","packageURL":"https://www.gstatic.com/firebasejs/11.0.1/firebase.tgz"},"live":{"version":"11.0","browserURL":"https://www.gstatic.com/firebasejs/live/11.0/firebase.js","packageURL":"https://www.gstatic.com/firebasejs/live/11.0/firebase.tgz"},"components":{"analytics":"https://www.gstatic.com/firebasejs/11.0.1/firebase-analytics.js","app":"https://www.gstatic.com/firebasejs/11.0.1/firebase-app.js","app-check":"https://www.gstatic.com/firebasejs/11.0.1/firebase-app-check.js","auth":"https://www.gstatic.com/firebasejs/11.0.1/firebase-auth.js","auth/cordova":"https://www.gstatic.com/firebasejs/11.0.1/firebase-auth/cordova.js","auth/web-extension":"https://www.gstatic.com/firebasejs/11.0.1/firebase-auth/web-extension.js","functions":"https://www.gstatic.com/firebasejs/11.0.1/firebase-functions.js","firestore":"https://www.gstatic.com/firebasejs/11.0.1/firebase-firestore.js","firestore/lite":"https://www.gstatic.com/firebasejs/11.0.1/firebase-firestore/lite.js","installations":"https://www.gstatic.com/firebasejs/11.0.1/firebase-installations.js","storage":"https://www.gstatic.com/firebasejs/11.0.1/firebase-storage.js","performance":"https://www.gstatic.com/firebasejs/11.0.1/firebase-performance.js","remote-config":"https://www.gstatic.com/firebasejs/11.0.1/firebase-remote-config.js","messaging":"https://www.gstatic.com/firebasejs/11.0.1/firebase-messaging.js","messaging/sw":"https://www.gstatic.com/firebasejs/11.0.1/firebase-messaging/sw.js","database":"https://www.gstatic.com/firebasejs/11.0.1/firebase-database.js","vertexai":"https://www.gstatic.com/firebasejs/11.0.1/firebase-vertexai.js","data-connect":"https://www.gstatic.com/firebasejs/11.0.1/firebase-data-connect.js","firestore.memory":"https://www.gstatic.com/firebasejs/11.0.1/firebase-firestore.memory.js"}}
[info] +  Wrote public/index.html 
[info] 
[info] i  Didn't detect a .git folder. Assuming C:\Users\elyes\OneDrive\Bureau\libraryStore is the project root. 
[info] i  Authorizing with GitHub to upload your service account to a GitHub repository's secrets store. 
[info] 
[info] Visit this URL on this device to log in:
[info] https://github.com/login/oauth/authorize?client_id=89cf50f02ac6aaed3484&state=825346239&redirect_uri=http%3A%2F%2Flocalhost%3A9005&scope=read%3Auser%20repo%20public_repo
[info] 
[info] Waiting for authentication...
[debug] [2024-10-24T11:45:29.057Z] >>> [apiv2][query] POST https://github.com/login/oauth/access_token [none]
[debug] [2024-10-24T11:45:29.057Z] >>> [apiv2][body] POST https://github.com/login/oauth/access_token [stream]
[debug] [2024-10-24T11:45:29.595Z] <<< [apiv2][status] POST https://github.com/login/oauth/access_token 200
[debug] [2024-10-24T11:45:29.595Z] <<< [apiv2][body] POST https://github.com/login/oauth/access_token {"access_token":"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","token_type":"bearer","scope":"read:user,repo"}
[debug] [2024-10-24T11:45:29.602Z] >>> [apiv2][query] GET https://api.github.com/user [none]
[debug] [2024-10-24T11:45:30.117Z] <<< [apiv2][status] GET https://api.github.com/user 200
[debug] [2024-10-24T11:45:30.118Z] <<< [apiv2][body] GET https://api.github.com/user {"login":"bassoumi","id":156471600,"node_id":"U_kgDOCVORMA","avatar_url":"https://avatars.githubusercontent.com/u/156471600?v=4","gravatar_id":"","url":"https://api.github.com/users/bassoumi","html_url":"https://github.com/bassoumi","followers_url":"https://api.github.com/users/bassoumi/followers","following_url":"https://api.github.com/users/bassoumi/following{/other_user}","gists_url":"https://api.github.com/users/bassoumi/gists{/gist_id}","starred_url":"https://api.github.com/users/bassoumi/starred{/owner}{/repo}","subscriptions_url":"https://api.github.com/users/bassoumi/subscriptions","organizations_url":"https://api.github.com/users/bassoumi/orgs","repos_url":"https://api.github.com/users/bassoumi/repos","events_url":"https://api.github.com/users/bassoumi/events{/privacy}","received_events_url":"https://api.github.com/users/bassoumi/received_events","type":"User","user_view_type":"private","site_admin":false,"name":"Elyes Bassoumi","company":"tunisia","blog":"","location":"Rades","email":null,"hireable":null,"bio":"Full Stack Developer spécialisé en Angular et Django. Passionné par la création d'applications web performantes et scalables, avec une attention particulière au","twitter_username":null,"notification_email":null,"public_repos":3,"public_gists":0,"followers":7,"following":0,"created_at":"2024-01-12T20:19:59Z","updated_at":"2024-09-25T17:09:04Z","private_gists":0,"total_private_repos":0,"owned_private_repos":0,"disk_usage":16522,"collaborators":0,"two_factor_authentication":false,"plan":{"name":"free","space":976562499,"collaborators":0,"private_repos":10000}}
[info] 
[info] +  Success! Logged into GitHub as bassoumi 
[info] 
[debug] [2024-10-24T11:45:41.172Z] >>> [apiv2][query] GET https://api.github.com/repos/y/actions/secrets/public-key type=owner
[debug] [2024-10-24T11:45:41.678Z] <<< [apiv2][status] GET https://api.github.com/repos/y/actions/secrets/public-key 404
[debug] [2024-10-24T11:45:41.679Z] <<< [apiv2][body] GET https://api.github.com/repos/y/actions/secrets/public-key {"message":"Not Found","documentation_url":"https://docs.github.com/rest","status":"404"}
[info] 
[info] 
[error] !  The provided authorization cannot be used with this repository. If this repository is in an organization, did you remember to grant access? 
[info] 
[info] i  Action required: Visit this URL to ensure access has been granted to the appropriate organization(s) for the Firebase CLI GitHub OAuth App: 
[info] https://github.com/settings/connections/applications/89cf50f02ac6aaed3484
[info] 
[debug] [2024-10-24T11:45:48.662Z] >>> [apiv2][query] GET https://api.github.com/repos/yy/actions/secrets/public-key type=owner
[debug] [2024-10-24T11:45:49.138Z] <<< [apiv2][status] GET https://api.github.com/repos/yy/actions/secrets/public-key 404
[debug] [2024-10-24T11:45:49.138Z] <<< [apiv2][body] GET https://api.github.com/repos/yy/actions/secrets/public-key {"message":"Not Found","documentation_url":"https://docs.github.com/rest","status":"404"}
[info] 
[info] 
[error] !  The provided authorization cannot be used with this repository. If this repository is in an organization, did you remember to grant access? 
[info] 
[info] i  Action required: Visit this URL to ensure access has been granted to the appropriate organization(s) for the Firebase CLI GitHub OAuth App: 
[info] https://github.com/settings/connections/applications/89cf50f02ac6aaed3484
[info] 
[debug] [2024-10-24T11:45:53.253Z] >>> [apiv2][query] GET https://api.github.com/repos/y/actions/secrets/public-key type=owner
[debug] [2024-10-24T11:45:53.447Z] <<< [apiv2][status] GET https://api.github.com/repos/y/actions/secrets/public-key 404
[debug] [2024-10-24T11:45:53.447Z] <<< [apiv2][body] GET https://api.github.com/repos/y/actions/secrets/public-key {"message":"Not Found","documentation_url":"https://docs.github.com/rest","status":"404"}
[info] 
[info] 
[error] !  The provided authorization cannot be used with this repository. If this repository is in an organization, did you remember to grant access? 
[info] 
[info] i  Action required: Visit this URL to ensure access has been granted to the appropriate organization(s) for the Firebase CLI GitHub OAuth App: 
[info] https://github.com/settings/connections/applications/89cf50f02ac6aaed3484
[info] 
[debug] [2024-10-24T11:48:45.668Z] >>> [apiv2][query] GET https://api.github.com/repos/bassoumi/zonelivres/actions/secrets/public-key type=owner
[debug] [2024-10-24T11:48:46.092Z] <<< [apiv2][status] GET https://api.github.com/repos/bassoumi/zonelivres/actions/secrets/public-key 404
[debug] [2024-10-24T11:48:46.093Z] <<< [apiv2][body] GET https://api.github.com/repos/bassoumi/zonelivres/actions/secrets/public-key {"message":"Not Found","documentation_url":"https://docs.github.com/rest/actions/secrets#get-a-repository-public-key","status":"404"}
[info] 
[info] 
[error] !  The provided authorization cannot be used with this repository. If this repository is in an organization, did you remember to grant access? 
[info] 
[info] i  Action required: Visit this URL to ensure access has been granted to the appropriate organization(s) for the Firebase CLI GitHub OAuth App: 
[info] https://github.com/settings/connections/applications/89cf50f02ac6aaed3484
[info] 
[debug] [2024-10-24T11:57:13.567Z] >>> [apiv2][query] GET https://api.github.com/repos/bassoumi/zonelivres/actions/secrets/public-key type=owner
[debug] [2024-10-24T11:57:13.877Z] <<< [apiv2][status] GET https://api.github.com/repos/bassoumi/zonelivres/actions/secrets/public-key 404
[debug] [2024-10-24T11:57:13.877Z] <<< [apiv2][body] GET https://api.github.com/repos/bassoumi/zonelivres/actions/secrets/public-key {"message":"Not Found","documentation_url":"https://docs.github.com/rest/actions/secrets#get-a-repository-public-key","status":"404"}
[info] 
[info] 
[error] !  The provided authorization cannot be used with this repository. If this repository is in an organization, did you remember to grant access? 
[info] 
[info] i  Action required: Visit this URL to ensure access has been granted to the appropriate organization(s) for the Firebase CLI GitHub OAuth App: 
[info] https://github.com/settings/connections/applications/89cf50f02ac6aaed3484
[info] 
